  super().__init__(activity_regularizer=activity_regularizer, **kwargs)
171/171 ━━━━━━━━━━━━━━━━━━━━ 35s 203ms/step - accuracy: 0.2187 - loss: 2.0903 - val_accuracy: 0.2475 - val_loss: 2.3570
43/43 ━━━━━━━━━━━━━━━━━━━━ 3s 58ms/step
C:\Users\dbouk\Documents\ml_food\.venv\Lib\site-packages\keras\src\layers\convolutional\base_conv.py:107: UserWarning: Do not pass an `input_shape`/`input_dim` argument to a layer. When using Sequential models, prefer using an `Input(shape)` object as the first layer in the model instead.
  super().__init__(activity_regularizer=activity_regularizer, **kwargs)
171/171 ━━━━━━━━━━━━━━━━━━━━ 35s 202ms/step - accuracy: 0.4136 - loss: 1.9537 - val_accuracy: 0.4145 - val_loss: 2.2120
43/43 ━━━━━━━━━━━━━━━━━━━━ 3s 59ms/step
C:\Users\dbouk\Documents\ml_food\.venv\Lib\site-packages\keras\src\layers\convolutional\base_conv.py:107: UserWarning: Do not pass an `input_shape`/`input_dim` argument to a layer. When using Sequential models, prefer using an `Input(shape)` object as the first layer in the model instead.
  super().__init__(activity_regularizer=activity_regularizer, **kwargs)
171/171 ━━━━━━━━━━━━━━━━━━━━ 35s 203ms/step - accuracy: 0.4184 - loss: 2.2932 - val_accuracy: 0.3752 - val_loss: 2.5112
43/43 ━━━━━━━━━━━━━━━━━━━━ 3s 59ms/step
| 11        | 0.003414  | 16.12     | 0.1647    | 0.03837   | 2.529     |
C:\Users\dbouk\Documents\ml_food\.venv\Lib\site-packages\sklearn\model_selection\_validation.py:73: FutureWarning: `fit_params` is deprecated and will be removed in version 1.6. Pass parameters via `params` instead.
  warnings.warn(
C:\Users\dbouk\Documents\ml_food\.venv\Lib\site-packages\keras\src\layers\convolutional\base_conv.py:107: UserWarning: Do not pass an `input_shape`/`input_dim` argument to a layer. When using Sequential models, prefer using an `Input(shape)` object as the first layer in the model instead.
  super().__init__(activity_regularizer=activity_regularizer, **kwargs)
119/119 ━━━━━━━━━━━━━━━━━━━━ 34s 278ms/step - accuracy: 0.2074 - loss: 2.3278 - val_accuracy: 0.1591 - val_loss: 2.2674
43/43 ━━━━━━━━━━━━━━━━━━━━ 3s 59ms/step
C:\Users\dbouk\Documents\ml_food\.venv\Lib\site-packages\keras\src\layers\convolutional\base_conv.py:107: UserWarning: Do not pass an `input_shape`/`input_dim` argument to a layer. When using Sequential models, prefer using an `Input(shape)` object as the first layer in the model instead.
  super().__init__(activity_regularizer=activity_regularizer, **kwargs)
119/119 ━━━━━━━━━━━━━━━━━━━━ 34s 283ms/step - accuracy: 0.4428 - loss: 2.1301 - val_accuracy: 0.3654 - val_loss: 2.0245
43/43 ━━━━━━━━━━━━━━━━━━━━ 3s 61ms/step
C:\Users\dbouk\Documents\ml_food\.venv\Lib\site-packages\keras\src\layers\convolutional\base_conv.py:107: UserWarning: Do not pass an `input_shape`/`input_dim` argument to a layer. When using Sequential models, prefer using an `Input(shape)` object as the first layer in the model instead.
  super().__init__(activity_regularizer=activity_regularizer, **kwargs)
119/119 ━━━━━━━━━━━━━━━━━━━━ 34s 280ms/step - accuracy: 0.4229 - loss: 2.8355 - val_accuracy: 0.3477 - val_loss: 2.1307
43/43 ━━━━━━━━━━━━━━━━━━━━ 3s 59ms/step
| 12        | 0.01244   | 23.08     | 0.2654    | 0.03191   | 2.488     |
C:\Users\dbouk\Documents\ml_food\.venv\Lib\site-packages\sklearn\model_selection\_validation.py:73: FutureWarning: `fit_params` is deprecated and will be removed in version 1.6. Pass parameters via `params` instead.
  warnings.warn(
C:\Users\dbouk\Documents\ml_food\.venv\Lib\site-packages\keras\src\layers\convolutional\base_conv.py:107: UserWarning: Do not pass an `input_shape`/`input_dim` argument to a layer. When using Sequential models, prefer using an `Input(shape)` object as the first layer in the model instead.
  super().__init__(activity_regularizer=activity_regularizer, **kwargs)
110/110 ━━━━━━━━━━━━━━━━━━━━ 31s 279ms/step - accuracy: 0.2326 - loss: 2.5492 - val_accuracy: 0.2790 - val_loss: 2.3478
43/43 ━━━━━━━━━━━━━━━━━━━━ 3s 59ms/step
C:\Users\dbouk\Documents\ml_food\.venv\Lib\site-packages\keras\src\layers\convolutional\base_conv.py:107: UserWarning: Do not pass an `input_shape`/`input_dim` argument to a layer. When using Sequential models, prefer using an `Input(shape)` object as the first layer in the model instead.
  super().__init__(activity_regularizer=activity_regularizer, **kwargs)
110/110 ━━━━━━━━━━━━━━━━━━━━ 31s 278ms/step - accuracy: 0.4357 - loss: 2.2708 - val_accuracy: 0.3399 - val_loss: 2.1871
43/43 ━━━━━━━━━━━━━━━━━━━━ 3s 59ms/step
C:\Users\dbouk\Documents\ml_food\.venv\Lib\site-packages\keras\src\layers\convolutional\base_conv.py:107: UserWarning: Do not pass an `input_shape`/`input_dim` argument to a layer. When using Sequential models, prefer using an `Input(shape)` object as the first layer in the model instead.
  super().__init__(activity_regularizer=activity_regularizer, **kwargs)
110/110 ━━━━━━━━━━━━━━━━━━━━ 31s 279ms/step - accuracy: 0.4173 - loss: 2.7124 - val_accuracy: 0.3458 - val_loss: 2.2509
43/43 ━━━━━━━━━━━━━━━━━━━━ 3s 59ms/step
| 13        | 0.002926  | 25.97     | 0.1893    | 0.04836   | 2.609     |
C:\Users\dbouk\Documents\ml_food\.venv\Lib\site-packages\sklearn\model_selection\_validation.py:73: FutureWarning: `fit_params` is deprecated and will be removed in version 1.6. Pass parameters via `params` instead.
  warnings.warn(
C:\Users\dbouk\Documents\ml_food\.venv\Lib\site-packages\keras\src\layers\convolutional\base_conv.py:107: UserWarning: Do not pass an `input_shape`/`input_dim` argument to a layer. When using Sequential models, prefer using an `Input(shape)` object as the first layer in the model instead.
  super().__init__(activity_regularizer=activity_regularizer, **kwargs)
171/171 ━━━━━━━━━━━━━━━━━━━━ 35s 202ms/step - accuracy: 0.2224 - loss: 3.9406 - val_accuracy: 0.1513 - val_loss: 2.2891
43/43 ━━━━━━━━━━━━━━━━━━━━ 3s 59ms/step
C:\Users\dbouk\Documents\ml_food\.venv\Lib\site-packages\keras\src\layers\convolutional\base_conv.py:107: UserWarning: Do not pass an `input_shape`/`input_dim` argument to a layer. When using Sequential models, prefer using an `Input(shape)` object as the first layer in the model instead.
  super().__init__(activity_regularizer=activity_regularizer, **kwargs)
171/171 ━━━━━━━━━━━━━━━━━━━━ 35s 202ms/step - accuracy: 0.4396 - loss: 2.1794 - val_accuracy: 0.3576 - val_loss: 2.0157
43/43 ━━━━━━━━━━━━━━━━━━━━ 3s 59ms/step
C:\Users\dbouk\Documents\ml_food\.venv\Lib\site-packages\keras\src\layers\convolutional\base_conv.py:107: UserWarning: Do not pass an `input_shape`/`input_dim` argument to a layer. When using Sequential models, prefer using an `Input(shape)` object as the first layer in the model instead.
  super().__init__(activity_regularizer=activity_regularizer, **kwargs)
171/171 ━━━━━━━━━━━━━━━━━━━━ 35s 203ms/step - accuracy: 0.4232 - loss: 2.4479 - val_accuracy: 0.3222 - val_loss: 2.3149
43/43 ━━━━━━━━━━━━━━━━━━━━ 3s 59ms/step
| 14        | 0.0       | 16.34     | 0.4232    | 0.04859   | 2.404     |
C:\Users\dbouk\Documents\ml_food\.venv\Lib\site-packages\sklearn\model_selection\_validation.py:73: FutureWarning: `fit_params` is deprecated and will be removed in version 1.6. Pass parameters via `params` instead.
  warnings.warn(
C:\Users\dbouk\Documents\ml_food\.venv\Lib\site-packages\keras\src\layers\convolutional\base_conv.py:107: UserWarning: Do not pass an `input_shape`/`input_dim` argument to a layer. When using Sequential models, prefer using an `Input(shape)` object as the first layer in the model instead.
  super().__init__(activity_regularizer=activity_regularizer, **kwargs)
131/131 ━━━━━━━━━━━━━━━━━━━━ 34s 258ms/step - accuracy: 0.2185 - loss: 2.4719 - val_accuracy: 0.2220 - val_loss: 2.9953
43/43 ━━━━━━━━━━━━━━━━━━━━ 3s 59ms/step
C:\Users\dbouk\Documents\ml_food\.venv\Lib\site-packages\keras\src\layers\convolutional\base_conv.py:107: UserWarning: Do not pass an `input_shape`/`input_dim` argument to a layer. When using Sequential models, prefer using an `Input(shape)` object as the first layer in the model instead.
  super().__init__(activity_regularizer=activity_regularizer, **kwargs)
131/131 ━━━━━━━━━━━━━━━━━━━━ 34s 258ms/step - accuracy: 0.4574 - loss: 2.1966 - val_accuracy: 0.3674 - val_loss: 2.1834
43/43 ━━━━━━━━━━━━━━━━━━━━ 3s 58ms/step
C:\Users\dbouk\Documents\ml_food\.venv\Lib\site-packages\keras\src\layers\convolutional\base_conv.py:107: UserWarning: Do not pass an `input_shape`/`input_dim` argument to a layer. When using Sequential models, prefer using an `Input(shape)` object as the first layer in the model instead.
  super().__init__(activity_regularizer=activity_regularizer, **kwargs)
131/131 ━━━━━━━━━━━━━━━━━━━━ 35s 258ms/step - accuracy: 0.3841 - loss: 2.4007 - val_accuracy: 0.3890 - val_loss: 2.3603
43/43 ━━━━━━━━━━━━━━━━━━━━ 3s 58ms/step
| 15        | 0.0117    | 21.83     | 0.109     | 0.0161    | 2.943     |
C:\Users\dbouk\Documents\ml_food\.venv\Lib\site-packages\sklearn\model_selection\_validation.py:73: FutureWarning: `fit_params` is deprecated and will be removed in version 1.6. Pass parameters via `params` instead.
  warnings.warn(
C:\Users\dbouk\Documents\ml_food\.venv\Lib\site-packages\keras\src\layers\convolutional\base_conv.py:107: UserWarning: Do not pass an `input_shape`/`input_dim` argument to a layer. When using Sequential models, prefer using an `Input(shape)` object as the first layer in the model instead.
  super().__init__(activity_regularizer=activity_regularizer, **kwargs)
89/89 ━━━━━━━━━━━━━━━━━━━━ 52s 580ms/step - accuracy: 0.2254 - loss: 8.1775 - val_accuracy: 0.1788 - val_loss: 2.9869
43/43 ━━━━━━━━━━━━━━━━━━━━ 3s 59ms/step
C:\Users\dbouk\Documents\ml_food\.venv\Lib\site-packages\keras\src\layers\convolutional\base_conv.py:107: UserWarning: Do not pass an `input_shape`/`input_dim` argument to a layer. When using Sequential models, prefer using an `Input(shape)` object as the first layer in the model instead.
  super().__init__(activity_regularizer=activity_regularizer, **kwargs)
89/89 ━━━━━━━━━━━━━━━━━━━━ 52s 582ms/step - accuracy: 0.4200 - loss: 9.9208 - val_accuracy: 0.4047 - val_loss: 3.2585
43/43 ━━━━━━━━━━━━━━━━━━━━ 3s 60ms/step
C:\Users\dbouk\Documents\ml_food\.venv\Lib\site-packages\keras\src\layers\convolutional\base_conv.py:107: UserWarning: Do not pass an `input_shape`/`input_dim` argument to a layer. When using Sequential models, prefer using an `Input(shape)` object as the first layer in the model instead.
  super().__init__(activity_regularizer=activity_regularizer, **kwargs)
89/89 ━━━━━━━━━━━━━━━━━━━━ 52s 579ms/step - accuracy: 0.3434 - loss: 7.7594 - val_accuracy: 0.2731 - val_loss: 2.8696
43/43 ━━━━━━━━━━━━━━━━━━━━ 3s 58ms/step
| 16        | 0.007315  | 31.92     | 0.2301    | 0.04267   | 1.089     |
C:\Users\dbouk\Documents\ml_food\.venv\Lib\site-packages\sklearn\model_selection\_validation.py:73: FutureWarning: `fit_params` is deprecated and will be removed in version 1.6. Pass parameters via `params` instead.
  warnings.warn(
C:\Users\dbouk\Documents\ml_food\.venv\Lib\site-packages\keras\src\layers\convolutional\base_conv.py:107: UserWarning: Do not pass an `input_shape`/`input_dim` argument to a layer. When using Sequential models, prefer using an `Input(shape)` object as the first layer in the model instead.
  super().__init__(activity_regularizer=activity_regularizer, **kwargs)
89/89 ━━━━━━━━━━━━━━━━━━━━ 52s 580ms/step - accuracy: 0.2247 - loss: 11.7427 - val_accuracy: 0.1690 - val_loss: 3.6045
43/43 ━━━━━━━━━━━━━━━━━━━━ 3s 59ms/step
C:\Users\dbouk\Documents\ml_food\.venv\Lib\site-packages\keras\src\layers\convolutional\base_conv.py:107: UserWarning: Do not pass an `input_shape`/`input_dim` argument to a layer. When using Sequential models, prefer using an `Input(shape)` object as the first layer in the model instead.
  super().__init__(activity_regularizer=activity_regularizer, **kwargs)
89/89 ━━━━━━━━━━━━━━━━━━━━ 52s 580ms/step - accuracy: 0.4150 - loss: 7.9810 - val_accuracy: 0.3929 - val_loss: 3.0856
43/43 ━━━━━━━━━━━━━━━━━━━━ 3s 59ms/step
C:\Users\dbouk\Documents\ml_food\.venv\Lib\site-packages\keras\src\layers\convolutional\base_conv.py:107: UserWarning: Do not pass an `input_shape`/`input_dim` argument to a layer. When using Sequential models, prefer using an `Input(shape)` object as the first layer in the model instead.
  super().__init__(activity_regularizer=activity_regularizer, **kwargs)
89/89 ━━━━━━━━━━━━━━━━━━━━ 52s 581ms/step - accuracy: 0.3704 - loss: 10.4548 - val_accuracy: 0.3281 - val_loss: 3.5017
43/43 ━━━━━━━━━━━━━━━━━━━━ 3s 59ms/step
| 17        | 0.002195  | 31.7      | 0.2082    | 0.04235   | 1.893     |
C:\Users\dbouk\Documents\ml_food\.venv\Lib\site-packages\sklearn\model_selection\_validation.py:73: FutureWarning: `fit_params` is deprecated and will be removed in version 1.6. Pass parameters via `params` instead.
  warnings.warn(
C:\Users\dbouk\Documents\ml_food\.venv\Lib\site-packages\keras\src\layers\convolutional\base_conv.py:107: UserWarning: Do not pass an `input_shape`/`input_dim` argument to a layer. When using Sequential models, prefer using an `Input(shape)` object as the first layer in the model instead.
  super().__init__(activity_regularizer=activity_regularizer, **kwargs)
131/131 ━━━━━━━━━━━━━━━━━━━━ 34s 258ms/step - accuracy: 0.2134 - loss: 4.6728 - val_accuracy: 0.1847 - val_loss: 2.3192
43/43 ━━━━━━━━━━━━━━━━━━━━ 3s 59ms/step
C:\Users\dbouk\Documents\ml_food\.venv\Lib\site-packages\keras\src\layers\convolutional\base_conv.py:107: UserWarning: Do not pass an `input_shape`/`input_dim` argument to a layer. When using Sequential models, prefer using an `Input(shape)` object as the first layer in the model instead.
  super().__init__(activity_regularizer=activity_regularizer, **kwargs)
131/131 ━━━━━━━━━━━━━━━━━━━━ 34s 258ms/step - accuracy: 0.4410 - loss: 2.7508 - val_accuracy: 0.3438 - val_loss: 2.1470
43/43 ━━━━━━━━━━━━━━━━━━━━ 3s 59ms/step
C:\Users\dbouk\Documents\ml_food\.venv\Lib\site-packages\keras\src\layers\convolutional\base_conv.py:107: UserWarning: Do not pass an `input_shape`/`input_dim` argument to a layer. When using Sequential models, prefer using an `Input(shape)` object as the first layer in the model instead.
  super().__init__(activity_regularizer=activity_regularizer, **kwargs)
131/131 ━━━━━━━━━━━━━━━━━━━━ 34s 258ms/step - accuracy: 0.3659 - loss: 3.2722 - val_accuracy: 0.3320 - val_loss: 2.1741
43/43 ━━━━━━━━━━━━━━━━━━━━ 3s 58ms/step
| 18        | 0.0       | 21.2      | 0.3543    | 0.02602   | 2.503     |
C:\Users\dbouk\Documents\ml_food\.venv\Lib\site-packages\sklearn\model_selection\_validation.py:73: FutureWarning: `fit_params` is deprecated and will be removed in version 1.6. Pass parameters via `params` instead.
  warnings.warn(
C:\Users\dbouk\Documents\ml_food\.venv\Lib\site-packages\keras\src\layers\convolutional\base_conv.py:107: UserWarning: Do not pass an `input_shape`/`input_dim` argument to a layer. When using Sequential models, prefer using an `Input(shape)` object as the first layer in the model instead.
  super().__init__(activity_regularizer=activity_regularizer, **kwargs)
137/137 ━━━━━━━━━━━━━━━━━━━━ 72s 522ms/step - accuracy: 0.2272 - loss: 6.9374 - val_accuracy: 0.2043 - val_loss: 2.7360
43/43 ━━━━━━━━━━━━━━━━━━━━ 3s 59ms/step
C:\Users\dbouk\Documents\ml_food\.venv\Lib\site-packages\keras\src\layers\convolutional\base_conv.py:107: UserWarning: Do not pass an `input_shape`/`input_dim` argument to a layer. When using Sequential models, prefer using an `Input(shape)` object as the first layer in the model instead.
  super().__init__(activity_regularizer=activity_regularizer, **kwargs)
137/137 ━━━━━━━━━━━━━━━━━━━━ 72s 524ms/step - accuracy: 0.3601 - loss: 9.1262 - val_accuracy: 0.3635 - val_loss: 2.9426
43/43 ━━━━━━━━━━━━━━━━━━━━ 3s 59ms/step
C:\Users\dbouk\Documents\ml_food\.venv\Lib\site-packages\keras\src\layers\convolutional\base_conv.py:107: UserWarning: Do not pass an `input_shape`/`input_dim` argument to a layer. When using Sequential models, prefer using an `Input(shape)` object as the first layer in the model instead.
  super().__init__(activity_regularizer=activity_regularizer, **kwargs)
137/137 ━━━━━━━━━━━━━━━━━━━━ 73s 526ms/step - accuracy: 0.3460 - loss: 6.7141 - val_accuracy: 0.3340 - val_loss: 3.0784
43/43 ━━━━━━━━━━━━━━━━━━━━ 3s 59ms/step
| 19        | 0.001463  | 20.89     | 0.3707    | 0.03206   | 1.632     |
C:\Users\dbouk\Documents\ml_food\.venv\Lib\site-packages\sklearn\model_selection\_validation.py:73: FutureWarning: `fit_params` is deprecated and will be removed in version 1.6. Pass parameters via `params` instead.
  warnings.warn(
C:\Users\dbouk\Documents\ml_food\.venv\Lib\site-packages\keras\src\layers\convolutional\base_conv.py:107: UserWarning: Do not pass an `input_shape`/`input_dim` argument to a layer. When using Sequential models, prefer using an `Input(shape)` object as the first layer in the model instead.
  super().__init__(activity_regularizer=activity_regularizer, **kwargs)
125/125 ━━━━━━━━━━━━━━━━━━━━ 67s 536ms/step - accuracy: 0.2622 - loss: 15.3052 - val_accuracy: 0.2593 - val_loss: 2.9562
43/43 ━━━━━━━━━━━━━━━━━━━━ 3s 59ms/step
C:\Users\dbouk\Documents\ml_food\.venv\Lib\site-packages\keras\src\layers\convolutional\base_conv.py:107: UserWarning: Do not pass an `input_shape`/`input_dim` argument to a layer. When using Sequential models, prefer using an `Input(shape)` object as the first layer in the model instead.
  super().__init__(activity_regularizer=activity_regularizer, **kwargs)
125/125 ━━━━━━━━━━━━━━━━━━━━ 67s 536ms/step - accuracy: 0.4175 - loss: 9.9350 - val_accuracy: 0.4420 - val_loss: 3.4076
43/43 ━━━━━━━━━━━━━━━━━━━━ 3s 59ms/step
C:\Users\dbouk\Documents\ml_food\.venv\Lib\site-packages\keras\src\layers\convolutional\base_conv.py:107: UserWarning: Do not pass an `input_shape`/`input_dim` argument to a layer. When using Sequential models, prefer using an `Input(shape)` object as the first layer in the model instead.
  super().__init__(activity_regularizer=activity_regularizer, **kwargs)
125/125 ━━━━━━━━━━━━━━━━━━━━ 67s 536ms/step - accuracy: 0.3608 - loss: 15.5160 - val_accuracy: 0.3320 - val_loss: 3.6020
43/43 ━━━━━━━━━━━━━━━━━━━━ 3s 58ms/step
| 20        | 0.008291  | 22.35     | 0.1777    | 0.01211   | 1.69      |
=========================================================================